605495
609806
606731
605874
611420
608666
148070
601156
609427
610330
609825
612898
602296
609708
615876
612779
613847
179615
604485
173510
602767
612277
613871
603799
609173
608515
300658
116897
613665
603716
300226
605616
607492
600221
605610
139370
191110
612014
300579
605363
602358
613553
606409
120810
604611
107265
607542
118503
610540
607108
107670
612944
604123
613878
603867
134350
609712
604479
612268
616144
611065
613727
150325
608222
605113
601411
612107
611408
613169
606227
131399
138750
601763
602943
114250
605837
613927
300390
601255
605747
600993
603564
300292
102772
605881
609353
607145
605829
168450
606967
602412
601692
603198
126060
152445
600525
602974
137350
603722
604210
614064
603183
612804
608684
103020
608700
601247
600442
610456
100730
609584
600664
615494
309850
600970
614787
604976
131242
606201
602932
607163
605828
300945
603372
160781
516020
172460
109630
118425
163970
607186
120090
164785
134770
120120
148067
615618
605410
600857
607194
611466
603337
607751
176894
615956
600119
600514
164040
612243
177046
609017
608537
300522
606811
605978
608212
607696
607237
607300
142992
605921
602733
609610
606800
120280
608778
123841
609187
603368
614848
612803
611220
153450
300885
608465
602937
123831
613401
300188
612866
118190
606951
300403
137070
615370
605391
142622
612502
133170
611663
608662
604580
612041
610299
600234
137060
100720
604780
600856
602593
603590
616107
174761
159440
600133
611542
612322
608169
601486
300913
601615
603426
300198
610936
613381
607199
600958
613814
600465
153456
609506
125255
610627
153455
603317
611770
614068
146661
190195
238330
607697
161015
606151
607809
172471
590000
164017
600564
600922
132810
613653
601263
590005
126090
611559
123740
604283
608944
600423
611550
600778
612517
615101
604384
187680
606521
188540
614312
601105
609507
186830
611332
608922
191305
613213
606439
614949
606989
601564
604095
120360
188830
610745
603707
603650
602694
610523
601007
300336
608014
605284
173360
601810
602195
609840
602880
114206
600509
600147
615698
601756
150571
613799
608713
613386
601622
601860
151990
608869
604161
188840
191342
610531
300906
610150
609653
614585
612641
610538
612120
613984
608697
607365
191045
602703
613405
600005
171833
300202
603109
182282
615600
147556
608512
610142
607063
606019
600946
609025
113730
607306
609059
136351
608892
604061
248611
605748
601017
605713
300647
600845
173610
110750
190450
610690
607379
604523
601424
603381
608896
605557
590025
300473
605483
611549
602769
300550
600532
606673
601408
120940
590020
603924
603371
590040
148065
603089
612414
610045
600046
300019
615847
186845
607009
601119
608137
176730
603816
607983
312861
124089
118494
606833
176740
300204
602119
147781
605031
611623
605988
191044
148042
606440
613114
609588
600754
604593
139130
602690
600650
609856
603401
134850
606370
603474
601012
601181
607522
138570
110300
606350
231675
607837
606945
186940
120240
168468
602713
607292
109691
601814
603028
602529
610345
611524
232050
305915
611177
615903
136850
187270
608100
612192
609300
600037
600315
606980
600957
615302
600536
604270
612452
600716
300560
601601
516006
613468
604174
602244
142200
120328
134934
604267
190990
607693
191170
516060
614459
604965
605423
605371
165240
606869
604710
608171
106180
601295
159991
104311
601485
612688
609262
107280
607042
606144
152790
602985
604258
142600
605204
600206
300386
613598
180381
147245
600266
120650
601284
615288
606230
605314
615320
159530
300391
123631
176947
102576
604983
601592
138090
602606
561010
600044
601731
176260
610132
142994
182389
602716
605083
610284
600980
300806
612012
613900
611539
608536
138700
612515
600522
605018
601192
600201
605270
610933
138200
171760
608921
610622
134637
613868
610916
603202
602290
603682
158378
602997
300205
610931
609617
300278
300078
607465
609018
300628
590050
309060
604943
603824
300139
607901
120140
603681
191043
133171
188250
131530
614901
614283
611119
611313
137295
600675
603234
608317
180071
601273
602264
607566
602302
601489
300110
600797
120900
300040
134660
606264
602743
123590
615003
608072
608769
217070
304040
602279
180090
603345
606441
606418
190151
605420
114090
610767
601366
607900
614917
609435
602616
603968
605120
608668
164730
602627
601925
611951
163890
606224
114019
604319
607244
138571
608754
590080
615549
606471
601743
602667
614194
612048
614730
607479
604473
176895
600281
613012
603051
612911
600985
248610
616146
609367
138248
126380
601040
615265
104620
300839
602368
615831
603122
603286
180297
147020
102610
601771
300356
600898
603634
609280
173910
604167
603856
142360
610565
608125
611088
601920
126650
611687
604878
613218
610036
610513
139312
603851
604487
136435
603704
164820
178640
312610
164008
600726
600456
609868
188061
300398
608780
607429
134570
605516
600185
602122
139250
140100
180960
616458
608501
601877
611684
137163
164770
238310
106165
195000
182810
613354
232000
606686
176610
601239
191040
603795
613111
185880
615496
314990
167790
300644
605799
605452
604175
603550
608428
613768
611642
611432
615620
615585
600342
131195
109750
126340
114840
191845
602229
126452
103072
615635
603904
116790
604723
609607
163731
147730
613719
146920
602635
120920
603881
134371
311770
602676
123825
601500
601752
602121
608667
147720
613004
608166
604990
164975
604605
601898
609309
300392
186973
602643
614154
605000
604190
107730
610062
612374
123940
138040
611379
612837
614144
609014
136530
303631
602617
604597
600853
605102
608605
125860
603604
605257
120260
108780
603805
603395
600681
104155
162280
606544
614537
604741
606118
611654
614571
605942
173445
601421
604557
176804
124020
604457
109700
611423
601656
120580
607273
613666
606158
107323
146770
120270
610534
607223
604385
300481
608803
600515
602286
600811
612123
607421
600644
162030
102540
606389
120160
607640
607008
184429
590075
603424
120150
182135
600108
600760
104170
606462
602421
609948
605207
164790
600617
608846
602183
603213
229000
190040
606628
147520
604202
603701
606269
167415
605537
606145
300319
609196
603537
142000
603605
613360
608628
157140
606797
147280
605446
602142
608053
605632
614998
601184
607849
314200
611204
114208
613425
600429
162332
605515
161561
170998
608893
600294
603725
610060
605020
611672
603503
609831
611062
600483
610453
111100
150240
602272
109760
607968
608707
122720
601807
607929
603009
602783
601465
611849
609412
600678
142858
606540
516003
300035
602601
610661
608248
186910
610681
608289
164780
600921
614297
157655
606806
610925
516040
614724
612676
147571
605367
608179
608774
611805
601176
608735
605704
603531
608310
165640
138292
600838
615262
602357
238331
181590
606977
607604
118945
152200
607301
606210
602445
141900
606687
613109
114815
615317
606941
601688
609019
614631
164360
191092
147450
608136
191315
608111
603785
600724
604124
300105
170710
138981
164950
601652
607139
612392
300474
118504
158375
608504
601717
602686
600577
142976
171834
608221
120436
607690
158105
602115
138322
608206
300515
300090
177400
607038
608181
601327
605597
603734
600579
612724
164010
613669
300247
180468
142810
610647
603273
114835
612325
147558
609102
600692
610079
607331
603951
608990
133430
606531
601567
612280
134935
615820
615730
611051
603307
300170
104260
615790
602207
613798
610219
614218
606410
602123
605237
100690
180220
607218
604843
300841
300037
603834
600909
603499
602403
603507
615521
114010
604581
311870
209901
600827
601900
606936
601015
604927
606609
600804
614828
614677
603031
610982
123833
189967
600463
164760
605983
610693
165330
608256
606142
602432
612920
611399
300169
154045
615404
613602
516004
168820
602536
115500
602770
610009
607031
102565
610004
147569
604395
615187
608374
105590
142857
611146
160790
602366
600232
130160
300157
159465
134797
615407
608977
616254
602149
613733
614258
111700
611254
601646
600502
605461
108730
612360
187395
600618
604629
602397
600702
602192
607905
139265
611279
614610
602049
301300
604144
602225
300371
612757
300142
124015
116806
612074
612848
613019
609291
600824
614138
191190
603313
605025
178642
602201
602129
606247
603295
160776
604032
603560
608750
605238
607481
138190
615242
300405
180250
602991
606585
600104
601865
613146
615283
600835
602235
611236
610148
607759
180430
164731
610928
611023
136350
611744
606034
600837
178630
604433
131244
610292
600374
601265
614783
146760
607456
614386
606036
603941
608414
605558
601299
601267
607491
614184
100850
604272
138470
608172
160740
613619
607669
129010
106410
610746
188380
305900
173470
603033
602232
606241
602727
609728
610949
610957
610230
604539
109480
182120
609523
611492
607035
611410
150100
613183
609751
612990
612395
173515
602938
612805
300189
604896
612931
602216
147650
600528
603539
608965
615949
604294
615291
603111
300300
601873
312865
147620
607557
610665
603617
604619
176797
601749
155760
120355
608124
605880
615421
120620
602600
611224
604103
611562
602280
611731
601282
613890
603741
601617
109690
600415
604277
606829
612958
186740
614140
602275
300524
167413
308840
605080
611259
613742
300724
160775
610285
151750
602623
162640
605206
614738
173490
300553
614123
109091
168470
123580
608283
300828
604867
109535
179590
604774
601143
608595
136836
147679
608699
603570
300034
601844
616105
603673
165360
604402
300822
609681
608210
125660
142840
609631
610432
608786
611358
611632
601758
604653
164757
176761
176943
107580
605290
603263
614295
107777
300120
309550
613276
600842
615867
608183
604096
603883
300013
252800
604365
602861
614161
607001
142981
300096
607761
600140
601664
602044
603288
605267
123680
605286
110600
603060
131222
609332
174763
152427
606102
602337
611592
606919
608625
606605
603711
605517
610573
612283
605775
609576
153454
602378
609279
608552
137165
600478
607838
603690
177075
605047
605862
608576
157660
170261
613940
147840
600805
602630
613846
148043
606496
601545
118444
602900
602228
300172
602346
123980
614461
100740
151670
600020
601639
604043
130610
603714
603491
613583
607709
608148
606635
148066
601645
138720
147270
173321
608830
131550
601205
600014
601002
605579
159460
602026
609591
614984
606821
605981
182530
600662
162080
603633
615870
610190
611927
120550
300079
126065
607976
615140
604041
614789
604418
120250
123930
612453
604237
615584
610827
603178
614426
152390
616013
300017
516001
590065
605712
186780
131370
603632
609007
610339
139340
614780
600576
120220
608151
611414
612411
179060
603667
600599
606526
603357
608025
606551
607752
613858
126375
184600
300642
606759
611386
604404
604902
601309
147110
601517
614930
146929
264900
603959
612003
516070
608648
138033
118505
609458
142910
612647
134580
164011
612309
611458
607002
102574
607606
610860
187380
602377
604142
605219
604714
604882
610576
608433
146691
609884
604672
193065
607984
190000
607704
610635
602568
300005
602632
600075
605882
601623
601566
139396
122560
184755
607882
126141
604067
600286
604610
165190
603945
609512
611761
605810
603220
126064
609204
605317
608829
602322
600558
132811
300307
613534
112261
608109
131240
138945
615038
600899
601199
189909
191525
610326
113705
602458
612719
300401
604961
610512
138890
605460
182390
610277
613629
170993
601538
614574
605101
604349
610055
126430
605716
615462
601300
176705
601439
190197
154545
142955
114021
114251
606202
126453
604212
300075
605849
606754
601197
605910
602457
603197
606639
609489
606119
605511
601527
129190
608309
126451
300490
191329
605507
605998
601405
300008
603666
600829
172400
603859
590030
154950
142830
615403
107300
176261
604490
604712
605283
155540
172490
103950
608894
276000
604110
600228
120110
138249
120190
187011
605577
608630
100790
602063
605010
147470
600770
608300
602311
608752
608897
611570
604614
601336
606882
606810
603680
603942
600890
611192
157145
185490
153440
300757
102600
147265
607059
610083
604863
300080
182381
604720
137160
606979
604544
611911
603767
164761
603743
607657
590035
606195
600939
600781
605648
604313
191350
176262
609826
605384
605294
615000
614770
606973
148069
164840
611145
607883
609010
606000
602656
600635
608706
191311
603200
606822
135820
300039
608177
606709
604641
186711
300145
613165
613898
601259
603811
604260
155555
123889
194355
172480
610350
123860
601248
606953
609855
159555
600982
614404
160741
606475
615416
600761
606887
123630
609449
120180
613624
611801
608160
600259
607951
604040
600279
600632
601719
608145
516030
600211
607393
300836
608241
610572
516000
603094
602537
300611
609390
186357
602168
191840
192020
612386
611153
613979
608102
609312
610991
604289
137035
607764
300137
601103
238300
160760
180721
609863
612753
600799
611089
107720
607608
600937
605755
601190
613420
608792
138250
604392
146690
611060
123610
141850
610812
217030
300206
600163
603937
606480
602821
611124
133550
185250
604588
600073
602447
614726
613403
600016
607786
314375
611966
300144
138290
276903
120252
607818
122500
604488
300747
142461
604296
602533
154235
607844
604310
603796
600943
600839
601478
608547
614169
609927
608347
608034
605634
601828
190182
608455
606472
610206
606523
602053
600354
612078
600582
160794
603810
126391
608226
111300
600814
615757
163730
607575
108733
602768
606351
616495
601365
605232
300603
612638
613350
602113
606518
604824
601881
602298
131230
128260
102573
105850
601147
602202
601313
114761
614145
608508
109270
606397
609369
606655
613655
609237
607444
607137
604624
608002
153245
604846
605740
610911
134629
615340
607056
612163
613469
608539
611184
603779
607814
155541
601445
131243
600450
606879
606268
162330
604241
610316
612250
300180
182870
614888
611101
602669
613976
138492
613521
606718
608815
300256
611082
300128
300646
608059
164015
615748
601556
590085
609347
171500
300383
137290
104250
608918
112264
116899
300535
611472
606702
300350
602072
608375
314998
606978
300011
590100
134830
605993
605185
602146
610362
609891
182455
167409
610511
138491
612051
601460
607314
164050
604677
123805
601215
138160
171640
314995
616097
611104
139330
611695
600963
606157
602069
168840
600660
176980
602851
607568
300715
605271
602257
603454
614772
603644
137780
614477
300798
300382
615292
607380
124040
612870
590045
602574
601498
609883
615787
604063
590090
601107
602867
612080
608041
608396
603921
605262
600917
614309
601150
600160
142983
608633
602167
613160
608663
601903
605437
615115
610496
150292
601627
192340
614775
151350
604579
606453
164350
137140
602104
602956
126455
609302
614334
611034
138253
162662
604569
604459
606412
182860
150320
614666
604001
608005
615247
601802
590055
607521
616406
124030
605951
606273
605210
606761
118502
607649
601515
601397
601097
605546
120320
614336
608201
300377
173325
150290
182309
604918
605522
609695
605235
600040
147670
609701
602780
300135
613497
610275
606636
604775
615016
601975
147370
313700
616484
609414
603290
601542
601607
167414
610844
605205
138850
188826
614649
613899
603846
615951
611935
613872
606037
164870
118490
121014
614215
608757
602642
134790
601470
607096
603201
604694
612026
151443
604638
602460
134638
611655
610897
602438
615762
604584
607293
605754
152780
120570
606837
605565
603422
600035
600275
604773
604759
601620
603157
154270
190160
180472
605742
609678
602141
103000
613622
606808
604489
606871
600900
601253
612121
608712
605725
603489
604322
601762
113505
605325
118507
180290
614566
161650
112205
107930
608107
608755
614757
180902
603780
152424
607601
188070
602661
603155
609802
602498
609044
613311
601428
609661
609669
153620
602926
179035
163729
614667
611499
600783
600287
605425
605370
602569
601296
176830
600301
601330
616386
600523
607998
601644
613597
600997
611888
610273
211100
605459
613577
601487
601690
300338
600543
607120
188040
605254
123695
179605
147557
251170
607664
147683
614191
609762
610670
607100
607182
300460
120361
605554
603324
130130
313650
147796
603961
131320
609252
162643
608665
607985
601982
142968
123730
611409
611317
609520
613208
194648
607117
610855
613522
603164
300485
182125
610657
300163
600451
107310
605908
164160
131310
300231
137960
605435
602774
605380
614759
313475
603495
605336
605566
604346
610937
516050
604985
606373
606598
612503
605078
609799
113810
131390
103220
133510
603301
607633
601011
606522
601570
600065
612988
176264
603196
609648
314370
604134
605353
609862
610564
300451
614518
608010
300526
120950
600712
615743
100650
609144
400005
613293
613326
313440
609739
616012
601724
159350
601757
602860
600864
602591
601094
120960
600565
115501
602876
605377
606252
607423
604630
601145
607795
176880
605705
606847
608593
603557
614829
606994
612801
601194
610613
603639
126450
590105
605947
607170
606476
176872
605131
612570
601791
176941
613277
137167
172100
602345
156845
300332
104150
607840
103730
300264
613524
608626
603727
614010
613924
600359
300393
607440
142993
600887
607093
603506
606725
603103
176946
176267
602671
612418
153622
300651
182350
184757
608272
516005
600480
613541
600293
605145
609510
605518
607243
609471
604242
147200
604526
606097
616112
605514
605497
601548
609168
306250
601962
173110
602153
607102
609321
602208
180072
605593
130410
601806
610197
606464
612773
606374
612167
167416
179838
609275
610550
608798
185620
180435
603708
170280
605042
124092
102620
613113
600031
602666
607358
300104
601023
154550
600871
607111
602413
606530
590095
164005
615427
601479
605194
300708
178620
117143
600701
300457
561000
133440
147880
137150
300131
603339
602650
600998
609562
185470
118423
611482
615464
608546
600725
608419
600003
314690
130500
600555
602859
138420
605158
613190
606807
609845
613726
605525
186880
172425
604633
605870
613932
600836
606075
600877
615364
606470
614556
600179
613516
608568
607462
154050
604705
138430
162230
605236
607839
608204
121011
606742
611715
614683
100710
148760
160777
190315
604594
300688
612994
312173
116820
243305
601789
182138
603848
138244
612799
608245
610243
165230
614260
607854
192977
604325
142250
300777
602334
616101
612315
603029
300776
614041
609671
606933
610436
613715
160720
128239
604427
609797
603415
607461
602023
603615
601488
604819
608187
148040
610683
608461
300697
607040
605608
311850
616372
120070
602858
613897
608770
610194
603470
606883
300521
139320
153618
613283
176790
191740
603073
611716
156570
605248
610113
111680
608083
606985
603892
604027
107271
601530
613698
162150
606352
138320
613609
615408
606765
609342
606976
116840
606706
612648
609575
603030
610274
107400
125670
612424
616003
120130
600170
604912
603349
137192
609188
603057
176640
603305
603652
606463
179410
603623
604386
616327
613580
134820
102770
603024
608442
601134
606478
601373
191330
604383
125647
609875
603283
300160
157147
300267
600470
606857
605490
104760
171800
608489
613596
614647
156225
606489
606597
609922
181031
605584
300394
139360
606622
608761
607215
607397
179820
607788
601896
107741
607632
609058
608132
612732
603113
615567
615720
611495
609720
606629
600375
607667
300095
600024
602194
313430
601785
147570
160710
614159
124010
613171
142800
602360
613009
123810
607672
613018
605956
300127
607295
607261
600722
611223
603005
300384
607800
615004
607922
603360
601906
610598
616027
606580
176885
191135
609245
606272
603967
612349
613815
300746
610355
605907
615781
606566
300395
611026
610290
609595
602700
172411
609023
114240
615276
173410
139200
608451
612186
601825
613129
607830
612625
300499
602242
170995
613228
601863
615463
125485
607556
603100
102560
140581
611045
614620
607270
601573
608214
601604
600111
180069
108961
609644
151460
123970
138130
611910
615532
601047
611203
614463
603294
608381
133530
602911
604264
601240
188545
608533
610533
609314
604505
602662
608103
602219
107470
607082
602775
616102
603384
312180
600271
602959
605124
107690
180040
610226
612802
300036
603930
107820
274180
605654
607574
613289
112210
147183
600244
605242
614366
156560
608958
606274
601609
604127
603248
611776
614567
300629
138680
139191
177060
607123
607939
607439
300108
120324
606890
611103
603647
604515
604973
131210
609577
607585
614784
604159
103720
601090
600734
148041
300774
607817
120353
601525
614506
107910
602243
601528
615535
188450
606309
606152
153390
604327
603072
139350
602631
600417
147910
607701
607562
609118
613084
603084
611725
300552
612182
142640
606153
614591
179617
120470
606666
612792
300061
600370
136352
104614
606062
612655
608400
608886
607512
300304
114205
603335
602730
600079
601146
601843
614423
300272
602054
603517
614925
610178
607642
606934
600923
601978
118485
143450
300121
120290
606416
611448
602441
167411
605268
590010
192090
609382
604590
601949
120215
300126
608753
141250
603850
604933
174762
613605
605379
610863
604592
171900
601689
601501
604982
305371
156540
139313
615495
613138
607474
604862
150330
607511
120131
107770
605378
601861
612761
123690
300248
603685
102771
607928
615684
603409
614427
600124
602744
604115
605427
613168
602748
606607
516002
176893
177070
603861
300193
606897
606494
615054
616404
608348
190181
142409
146738
138210
611258
606025
190220
607211
603390
602376
612661
603864
614259
603835
608092
615850
615203
300502
600897
184745
605573
607878
610110
136132
150000
191160
191523
116955
314850
611908
616186
602431
605383
611360
608581
600876
604766
180901
600150
601314
600194
606200
609062
612035
610272
142958
605906
123670
300461
614478
108345
607643
605802
606454
123620
612901
609397
142410
610057
300032
611061
604297
186790
142984
606368
613072
610162
612659
604373
602427
118470
613599
164874
605197
602402
607622
134370
170260
104750
605896
600235
114182
615586
611925
610826
120575
607478
601022
142702
610619
600322
613230
190180
138600
601837
606831
600397
150310
147440
147575
164920
606014
602879
602954
138252
615068
607805
102630
123829
300265
602136
614058
608331
605646
138079
601621
602125
114800
172405
600529
606939
612222
603258
139185
114180
142704
604808
613621
606417
611778
607386
605512
300298
607210
120210
600112
300294
102750
189980
604907
300275
182380
300897
616086
609511
608517
135600
607590
171050
191130
601565
191306
606938
152760
614725
606603
601687
609383
612373
604088
300463
601728
610341
608801
600053
606326
604946
604285
605815
164860
300827
158340
602765
607144
605555
302910
614603
607961
121015
608507
600276
176876
601385
120700
607213
117700
602575
179616
600028
121013
300276
604299
300072
603212
602870
615950
602218
614141
612772
610966
113811
602150
133520
606347
603658
151385
300546
137164
300415
606633
600310
603756
134640
610956
167420
192132
602935
300823
601089
604149
600733
608500
611595
608313
609186
606694
150370
616120
605519
190070
603576
600584
616454
160745
131340
590070
604417
311800
170290
126420
603646
136430
605564
615667
194363
605925
606596
602170
601653
610222
614982
190230
600956
600844
600225
612878
603236
176801
612487
100725
610035
314670
610192
600925
148080
607070
607047
611501
607071
603518
600236
168461
603693
146933
608488
605313
614232
604900
612013
600574
147460
601902
602753
303630
102680
601387
600495
607066
602978
602137
103320
603400
601130
603214
180380
612666
604558
604455
193060
612800
610467
609890
606568
125671
106150
605195
614107
609526
308000
607340
607043
480000
607036
604139
607623
601093
300138
603839
300808
601788
605692
600924
600473
610528
608833
605014
600414
190198
125270
308380
185535
601912
606419
600935
600173
602365
608845
608614
604834
602931
614245
607118
602292
604831
605465
606425
600018
138180
138971
600533
180073
605950
602855
164012
600682
608441
600098
606860
604685
614088
610924
613236
606608
602544
610308
614396
125645
614632
607544
603636
600759
604895
605084
609761
605995
613893
613446
606885
612850
601699
609413
608360
602024
107773
612915
601593
614785
182100
125240
604934
608548
601928
605706
603287
608167
300427
172860
102582
613891
602109
300311
300014
610053
608968
615316
603306
607198
603158
600749
604194
609239
142959
603490
300414
601231
609139
603056
613121
616174
601618
603066
613529
132890
300573
610098
601693
114760
602839
612465
615626
191030
608429
173880
606061
602452
610804
602576
614505
605086
603612
135940
114130
612105
603136
604566
150340
609842
614530
108370
138140
300203
102575
614864
142989
610819
173335
148060
603297
612358
190090
605441
191041
613037
605411
607037
604312
603254
604556
609457
614515
141800
601129
610934
608135
146740
300429
610516
613920
607803
609377
107776
613667
607343
605073
600968
604860
176258
604366
192240
123890
150341
612036
615410
608730
612025
608047
600855
608480
601691
602897
603718
107269
608677
600364
611605
139150
189907
103600
610032
608945
600950
613741
123101
614698
611606
612971
600983
124080
607892
142309
613349
176930
600521
610865
300556
613883
603208
613896
606999
147138
604214
108740
605602
604687
176977
604025
601443
611421
146790
608307
613301
107680
147545
608305
606873
613915
190020
112262
601924
612907
590015
605481
611290
603593
603868
300951
182340
611150
139311
601065
590060
114131
300821
614589
176300
615564
125505
173350
606045
613363
606681
609502
611531
147700
190120
190080
191290
601440
600713
613278
613441
118661
607904
615944
601595
604217
608771
601769
600220
602389
102545
606682
217050
606672
300538
604357
602638
614243
605093
191010
605239
600929
600129
611766
602091
600810
606844
614397
607245
604613
607207
104225
613409
154870
615076
300269
604011
300056
613214
607212
607206
610389
600144
103850
171060
611507
602090
611693
603377
600570
